<?xml version="1.0" encoding="UTF-8"?>
<Site BuildName="Linux-g++"
	BuildStamp="20240930-2117-Experimental"
	Name="nixos"
	Generator="ctest-3.29.2"
	CompilerName="/nix/store/yc9q0h72rlj98y0116c4mma6k80264mv-gcc-wrapper-13.2.0/bin/g++"
	CompilerVersion="13.2.0"
	OSName="Linux"
	Hostname="nixos"
	OSRelease="6.6.51"
	OSVersion="#1-NixOS SMP PREEMPT_DYNAMIC Thu Sep 12 09:11:45 UTC 2024"
	OSPlatform="x86_64"
	Is64Bits="1"
	VendorString="AuthenticAMD"
	VendorID="Advanced Micro Devices"
	FamilyID="25"
	ModelID="116"
	ProcessorCacheSize="1024"
	NumberOfLogicalCPU="16"
	NumberOfPhysicalCPU="8"
	TotalVirtualMemory="0"
	TotalPhysicalMemory="60081"
	LogicalProcessorsPerPhysical="2"
	ProcessorClockFrequency="2345.02"
	>
	<Testing>
		<StartDateTime>Sep 30 17:19 EDT</StartDateTime>
		<StartTestTime>1727731166</StartTestTime>
		<TestList/>
		<EndDateTime>Sep 30 17:19 EDT</EndDateTime>
		<EndTestTime>1727731166</EndTestTime>
		<ElapsedMinutes>0</ElapsedMinutes>
	</Testing>
</Site>
